Loading input graph from vgan_corrected/share/vgan/hcfiles/graph.og
Loading GBWT from vgan_corrected/share/vgan/hcfiles/graph.gbwt
Building GBWTGraph
Loading SnarlDistanceIndex from vgan_corrected/share/vgan/hcfiles/graph.dist
Building MinimizerIndex with k = 20, w = 30
Total count: 147566
DUMPING MINIMIZER HASH
8112 keys (8105 unique)
Minimizer occurrences: 8119
Load factor: 0.495117
Construction so far: 1.40346 seconds
Hash table size: 16384
Time usage: 1.4049 seconds
Memory usage: 0.420727 GiB
	Command being timed: "./vgan_corrected/dep/vg/bin/vg minimizer -t 16 -p -g vgan_corrected/share/vgan/hcfiles/graph.gbwt -d vgan_corrected/share/vgan/hcfiles/graph.dist -o vgan_corrected/share/vgan/hcfiles/graph.min vgan_corrected/share/vgan/hcfiles/graph.og -k 20 -w 30"
	User time (seconds): 3.55
	System time (seconds): 0.51
	Percent of CPU this job got: 270%
	Elapsed (wall clock) time (h:mm:ss or m:ss): 0:01.50
	Average shared text size (kbytes): 0
	Average unshared data size (kbytes): 0
	Average stack size (kbytes): 0
	Average total size (kbytes): 0
	Maximum resident set size (kbytes): 441164
	Average resident set size (kbytes): 0
	Major (requiring I/O) page faults: 0
	Minor (reclaiming a frame) page faults: 106185
	Voluntary context switches: 81
	Involuntary context switches: 19
	Swaps: 0
	File system inputs: 0
	File system outputs: 1040
	Socket messages sent: 0
	Socket messages received: 0
	Signals delivered: 0
	Page size (bytes): 4096
	Exit status: 0
