Loading input graph from vgan_corrected/share/vgan/hcfiles/graph.og
Loading GBWT from vgan_corrected/share/vgan/hcfiles/graph.gbwt
Building GBWTGraph
Loading SnarlDistanceIndex from vgan_corrected/share/vgan/hcfiles/graph.dist
Building MinimizerIndex with k = 30, w = 20
Total count: 208451
DUMPING MINIMIZER HASH
16596 keys (16586 unique)
Minimizer occurrences: 16606
Load factor: 0.50647
Construction so far: 1.37281 seconds
Hash table size: 32768
Time usage: 1.37458 seconds
Memory usage: 0.423016 GiB
	Command being timed: "./vgan_corrected/dep/vg/bin/vg minimizer -t 16 -p -g vgan_corrected/share/vgan/hcfiles/graph.gbwt -d vgan_corrected/share/vgan/hcfiles/graph.dist -o vgan_corrected/share/vgan/hcfiles/graph.min vgan_corrected/share/vgan/hcfiles/graph.og -k 30 -w 20"
	User time (seconds): 3.52
	System time (seconds): 0.49
	Percent of CPU this job got: 275%
	Elapsed (wall clock) time (h:mm:ss or m:ss): 0:01.46
	Average shared text size (kbytes): 0
	Average unshared data size (kbytes): 0
	Average stack size (kbytes): 0
	Average total size (kbytes): 0
	Maximum resident set size (kbytes): 443564
	Average resident set size (kbytes): 0
	Major (requiring I/O) page faults: 0
	Minor (reclaiming a frame) page faults: 106716
	Voluntary context switches: 97
	Involuntary context switches: 24
	Swaps: 0
	File system inputs: 0
	File system outputs: 2064
	Socket messages sent: 0
	Socket messages received: 0
	Signals delivered: 0
	Page size (bytes): 4096
	Exit status: 0
