Loading input graph from vgan_corrected/share/vgan/hcfiles/graph.og
Loading GBWT from vgan_corrected/share/vgan/hcfiles/graph.gbwt
Building GBWTGraph
Loading SnarlDistanceIndex from vgan_corrected/share/vgan/hcfiles/graph.dist
Building MinimizerIndex with k = 3, w = 30
Total count: 57756
DUMPING MINIMIZER HASH
9 keys (1 unique)
Minimizer occurrences: 2979
Load factor: 0.00878906
Construction so far: 0.956035 seconds
Hash table size: 1024
Time usage: 0.956876 seconds
Memory usage: 0.42009 GiB
	Command being timed: "./vgan_corrected/dep/vg/bin/vg minimizer -t 16 -p -g vgan_corrected/share/vgan/hcfiles/graph.gbwt -d vgan_corrected/share/vgan/hcfiles/graph.dist -o vgan_corrected/share/vgan/hcfiles/graph.min vgan_corrected/share/vgan/hcfiles/graph.og -k 3 -w 30"
	User time (seconds): 2.01
	System time (seconds): 0.51
	Percent of CPU this job got: 242%
	Elapsed (wall clock) time (h:mm:ss or m:ss): 0:01.04
	Average shared text size (kbytes): 0
	Average unshared data size (kbytes): 0
	Average stack size (kbytes): 0
	Average total size (kbytes): 0
	Maximum resident set size (kbytes): 440496
	Average resident set size (kbytes): 0
	Major (requiring I/O) page faults: 0
	Minor (reclaiming a frame) page faults: 105972
	Voluntary context switches: 78
	Involuntary context switches: 12
	Swaps: 0
	File system inputs: 0
	File system outputs: 216
	Socket messages sent: 0
	Socket messages received: 0
	Signals delivered: 0
	Page size (bytes): 4096
	Exit status: 0
