Loading input graph from vgan_corrected/share/vgan/hcfiles/graph.og
Loading GBWT from vgan_corrected/share/vgan/hcfiles/graph.gbwt
Building GBWTGraph
Loading SnarlDistanceIndex from vgan_corrected/share/vgan/hcfiles/graph.dist
Building MinimizerIndex with k = 10, w = 100
Total count: 83041
DUMPING MINIMIZER HASH
1421 keys (1316 unique)
Minimizer occurrences: 1536
Load factor: 0.693848
Construction so far: 7.03243 seconds
Hash table size: 2048
Time usage: 7.03362 seconds
Memory usage: 0.419693 GiB
	Command being timed: "./vgan_corrected/dep/vg/bin/vg minimizer -t 16 -p -g vgan_corrected/share/vgan/hcfiles/graph.gbwt -d vgan_corrected/share/vgan/hcfiles/graph.dist -o vgan_corrected/share/vgan/hcfiles/graph.min vgan_corrected/share/vgan/hcfiles/graph.og -k 10 -w 100"
	User time (seconds): 17.80
	System time (seconds): 0.47
	Percent of CPU this job got: 255%
	Elapsed (wall clock) time (h:mm:ss or m:ss): 0:07.16
	Average shared text size (kbytes): 0
	Average unshared data size (kbytes): 0
	Average stack size (kbytes): 0
	Average total size (kbytes): 0
	Maximum resident set size (kbytes): 440080
	Average resident set size (kbytes): 0
	Major (requiring I/O) page faults: 0
	Minor (reclaiming a frame) page faults: 108153
	Voluntary context switches: 111
	Involuntary context switches: 40
	Swaps: 0
	File system inputs: 0
	File system outputs: 152
	Socket messages sent: 0
	Socket messages received: 0
	Signals delivered: 0
	Page size (bytes): 4096
	Exit status: 0
