Loading input graph from vgan_corrected/share/vgan/hcfiles/graph.og
Loading GBWT from vgan_corrected/share/vgan/hcfiles/graph.gbwt
Building GBWTGraph
Loading SnarlDistanceIndex from vgan_corrected/share/vgan/hcfiles/graph.dist
Building MinimizerIndex with k = 30, w = 30
Total count: 206443
DUMPING MINIMIZER HASH
11326 keys (11320 unique)
Minimizer occurrences: 11332
Load factor: 0.691284
Construction so far: 2.20075 seconds
Hash table size: 16384
Time usage: 2.20217 seconds
Memory usage: 0.422417 GiB
	Command being timed: "./vgan_corrected/dep/vg/bin/vg minimizer -t 16 -p -g vgan_corrected/share/vgan/hcfiles/graph.gbwt -d vgan_corrected/share/vgan/hcfiles/graph.dist -o vgan_corrected/share/vgan/hcfiles/graph.min vgan_corrected/share/vgan/hcfiles/graph.og -k 30 -w 30"
	User time (seconds): 5.47
	System time (seconds): 0.49
	Percent of CPU this job got: 259%
	Elapsed (wall clock) time (h:mm:ss or m:ss): 0:02.30
	Average shared text size (kbytes): 0
	Average unshared data size (kbytes): 0
	Average stack size (kbytes): 0
	Average total size (kbytes): 0
	Maximum resident set size (kbytes): 442936
	Average resident set size (kbytes): 0
	Major (requiring I/O) page faults: 0
	Minor (reclaiming a frame) page faults: 107196
	Voluntary context switches: 75
	Involuntary context switches: 28
	Swaps: 0
	File system inputs: 0
	File system outputs: 1040
	Socket messages sent: 0
	Socket messages received: 0
	Signals delivered: 0
	Page size (bytes): 4096
	Exit status: 0
