Loading input graph from vgan_corrected/share/vgan/hcfiles/graph.og
Loading GBWT from vgan_corrected/share/vgan/hcfiles/graph.gbwt
Building GBWTGraph
Loading SnarlDistanceIndex from vgan_corrected/share/vgan/hcfiles/graph.dist
Building MinimizerIndex with k = 20, w = 3
Total count: 178906
DUMPING MINIMIZER HASH
56786 keys (56728 unique)
Minimizer occurrences: 56846
Load factor: 0.433243
Construction so far: 0.600733 seconds
Hash table size: 131072
Time usage: 0.606079 seconds
Memory usage: 0.431763 GiB
	Command being timed: "./vgan_corrected/dep/vg/bin/vg minimizer -t 16 -p -g vgan_corrected/share/vgan/hcfiles/graph.gbwt -d vgan_corrected/share/vgan/hcfiles/graph.dist -o vgan_corrected/share/vgan/hcfiles/graph.min vgan_corrected/share/vgan/hcfiles/graph.og -k 20 -w 3"
	User time (seconds): 1.17
	System time (seconds): 0.44
	Percent of CPU this job got: 229%
	Elapsed (wall clock) time (h:mm:ss or m:ss): 0:00.70
	Average shared text size (kbytes): 0
	Average unshared data size (kbytes): 0
	Average stack size (kbytes): 0
	Average total size (kbytes): 0
	Maximum resident set size (kbytes): 452736
	Average resident set size (kbytes): 0
	Major (requiring I/O) page faults: 0
	Minor (reclaiming a frame) page faults: 109027
	Voluntary context switches: 80
	Involuntary context switches: 13
	Swaps: 0
	File system inputs: 0
	File system outputs: 8208
	Socket messages sent: 0
	Socket messages received: 0
	Signals delivered: 0
	Page size (bytes): 4096
	Exit status: 0
