Loading input graph from vgan_corrected/share/vgan/hcfiles/graph.og
Loading GBWT from vgan_corrected/share/vgan/hcfiles/graph.gbwt
Building GBWTGraph
Loading SnarlDistanceIndex from vgan_corrected/share/vgan/hcfiles/graph.dist
Building MinimizerIndex with k = 25, w = 50
Total count: 188356
DUMPING MINIMIZER HASH
6226 keys (6224 unique)
Minimizer occurrences: 6228
Load factor: 0.76001
Construction so far: 2.95561 seconds
Hash table size: 8192
Time usage: 2.95733 seconds
Memory usage: 0.420647 GiB
	Command being timed: "./vgan_corrected/dep/vg/bin/vg minimizer -t 16 -p -g vgan_corrected/share/vgan/hcfiles/graph.gbwt -d vgan_corrected/share/vgan/hcfiles/graph.dist -o vgan_corrected/share/vgan/hcfiles/graph.min vgan_corrected/share/vgan/hcfiles/graph.og -k 25 -w 50"
	User time (seconds): 7.59
	System time (seconds): 0.60
	Percent of CPU this job got: 265%
	Elapsed (wall clock) time (h:mm:ss or m:ss): 0:03.08
	Average shared text size (kbytes): 0
	Average unshared data size (kbytes): 0
	Average stack size (kbytes): 0
	Average total size (kbytes): 0
	Maximum resident set size (kbytes): 441080
	Average resident set size (kbytes): 0
	Major (requiring I/O) page faults: 0
	Minor (reclaiming a frame) page faults: 106972
	Voluntary context switches: 93
	Involuntary context switches: 39
	Swaps: 0
	File system inputs: 0
	File system outputs: 528
	Socket messages sent: 0
	Socket messages received: 0
	Signals delivered: 0
	Page size (bytes): 4096
	Exit status: 0
