Loading input graph from vgan_corrected/share/vgan/hcfiles/graph.og
Loading GBWT from vgan_corrected/share/vgan/hcfiles/graph.gbwt
Building GBWTGraph
Loading SnarlDistanceIndex from vgan_corrected/share/vgan/hcfiles/graph.dist
Building MinimizerIndex with k = 10, w = 50
Total count: 85430
DUMPING MINIMIZER HASH
2794 keys (2590 unique)
Minimizer occurrences: 3019
Load factor: 0.682129
Construction so far: 1.97503 seconds
Hash table size: 4096
Time usage: 1.9762 seconds
Memory usage: 0.419945 GiB
	Command being timed: "./vgan_corrected/dep/vg/bin/vg minimizer -t 16 -p -g vgan_corrected/share/vgan/hcfiles/graph.gbwt -d vgan_corrected/share/vgan/hcfiles/graph.dist -o vgan_corrected/share/vgan/hcfiles/graph.min vgan_corrected/share/vgan/hcfiles/graph.og -k 10 -w 50"
	User time (seconds): 5.47
	System time (seconds): 0.40
	Percent of CPU this job got: 284%
	Elapsed (wall clock) time (h:mm:ss or m:ss): 0:02.07
	Average shared text size (kbytes): 0
	Average unshared data size (kbytes): 0
	Average stack size (kbytes): 0
	Average total size (kbytes): 0
	Maximum resident set size (kbytes): 440344
	Average resident set size (kbytes): 0
	Major (requiring I/O) page faults: 0
	Minor (reclaiming a frame) page faults: 106689
	Voluntary context switches: 75
	Involuntary context switches: 25
	Swaps: 0
	File system inputs: 0
	File system outputs: 288
	Socket messages sent: 0
	Socket messages received: 0
	Signals delivered: 0
	Page size (bytes): 4096
	Exit status: 0
