Loading input graph from vgan_corrected/share/vgan/hcfiles/graph.og
Loading GBWT from vgan_corrected/share/vgan/hcfiles/graph.gbwt
Building GBWTGraph
Loading SnarlDistanceIndex from vgan_corrected/share/vgan/hcfiles/graph.dist
Building RYmerIndex with k = 5, w = 100
Total count: 54774
DUMPING RYMER HASH
26 keys (2 unique)
RYmer occurrences: 1006
Load factor: 0.0253906
Construction so far: 5.89741 seconds
Hash table size: 1024
Time usage: 5.89822 seconds
Memory usage: 0.420403 GiB
	Command being timed: "./vgan_corrected/dep/vg/bin/vg rymer -t 16 -p -g vgan_corrected/share/vgan/hcfiles/graph.gbwt -d vgan_corrected/share/vgan/hcfiles/graph.dist -o vgan_corrected/share/vgan/hcfiles/graph.ry vgan_corrected/share/vgan/hcfiles/graph.og -k 5 -w 100"
	User time (seconds): 15.45
	System time (seconds): 0.44
	Percent of CPU this job got: 263%
	Elapsed (wall clock) time (h:mm:ss or m:ss): 0:06.02
	Average shared text size (kbytes): 0
	Average unshared data size (kbytes): 0
	Average stack size (kbytes): 0
	Average total size (kbytes): 0
	Maximum resident set size (kbytes): 440824
	Average resident set size (kbytes): 0
	Major (requiring I/O) page faults: 0
	Minor (reclaiming a frame) page faults: 108041
	Voluntary context switches: 132
	Involuntary context switches: 53
	Swaps: 0
	File system inputs: 0
	File system outputs: 120
	Socket messages sent: 0
	Socket messages received: 0
	Signals delivered: 0
	Page size (bytes): 4096
	Exit status: 0
