Loading input graph from vgan_corrected/share/vgan/hcfiles/graph.og
Loading GBWT from vgan_corrected/share/vgan/hcfiles/graph.gbwt
Building GBWTGraph
Loading SnarlDistanceIndex from vgan_corrected/share/vgan/hcfiles/graph.dist
Building RYmerIndex with k = 30, w = 25
Total count: 206750
DUMPING RYMER HASH
10904 keys (10731 unique)
RYmer occurrences: 11077
Load factor: 0.665527
Construction so far: 1.61147 seconds
Hash table size: 16384
Time usage: 1.61288 seconds
Memory usage: 0.421219 GiB
	Command being timed: "./vgan_corrected/dep/vg/bin/vg rymer -t 16 -p -g vgan_corrected/share/vgan/hcfiles/graph.gbwt -d vgan_corrected/share/vgan/hcfiles/graph.dist -o vgan_corrected/share/vgan/hcfiles/graph.ry vgan_corrected/share/vgan/hcfiles/graph.og -k 30 -w 25"
	User time (seconds): 3.68
	System time (seconds): 0.52
	Percent of CPU this job got: 247%
	Elapsed (wall clock) time (h:mm:ss or m:ss): 0:01.69
	Average shared text size (kbytes): 0
	Average unshared data size (kbytes): 0
	Average stack size (kbytes): 0
	Average total size (kbytes): 0
	Maximum resident set size (kbytes): 441680
	Average resident set size (kbytes): 0
	Major (requiring I/O) page faults: 0
	Minor (reclaiming a frame) page faults: 106312
	Voluntary context switches: 127
	Involuntary context switches: 33
	Swaps: 0
	File system inputs: 0
	File system outputs: 1056
	Socket messages sent: 0
	Socket messages received: 0
	Signals delivered: 0
	Page size (bytes): 4096
	Exit status: 0
