Loading input graph from vgan_corrected/share/vgan/hcfiles/graph.og
Loading GBWT from vgan_corrected/share/vgan/hcfiles/graph.gbwt
Building GBWTGraph
Loading SnarlDistanceIndex from vgan_corrected/share/vgan/hcfiles/graph.dist
Building RYmerIndex with k = 5, w = 3
Total count: 65675
DUMPING RYMER HASH
32 keys (0 unique)
RYmer occurrences: 17782
Load factor: 0.03125
Construction so far: 0.538596 seconds
Hash table size: 1024
Time usage: 0.539415 seconds
Memory usage: 0.420864 GiB
	Command being timed: "./vgan_corrected/dep/vg/bin/vg rymer -t 16 -p -g vgan_corrected/share/vgan/hcfiles/graph.gbwt -d vgan_corrected/share/vgan/hcfiles/graph.dist -o vgan_corrected/share/vgan/hcfiles/graph.ry vgan_corrected/share/vgan/hcfiles/graph.og -k 5 -w 3"
	User time (seconds): 0.53
	System time (seconds): 0.43
	Percent of CPU this job got: 154%
	Elapsed (wall clock) time (h:mm:ss or m:ss): 0:00.63
	Average shared text size (kbytes): 0
	Average unshared data size (kbytes): 0
	Average stack size (kbytes): 0
	Average total size (kbytes): 0
	Maximum resident set size (kbytes): 441308
	Average resident set size (kbytes): 0
	Major (requiring I/O) page faults: 0
	Minor (reclaiming a frame) page faults: 106164
	Voluntary context switches: 112
	Involuntary context switches: 7
	Swaps: 0
	File system inputs: 0
	File system outputs: 912
	Socket messages sent: 0
	Socket messages received: 0
	Signals delivered: 0
	Page size (bytes): 4096
	Exit status: 0
