Loading input graph from vgan_corrected/share/vgan/hcfiles/graph.og
Loading GBWT from vgan_corrected/share/vgan/hcfiles/graph.gbwt
Building GBWTGraph
Loading SnarlDistanceIndex from vgan_corrected/share/vgan/hcfiles/graph.dist
Building RYmerIndex with k = 30, w = 10
Total count: 218182
DUMPING RYMER HASH
20625 keys (20040 unique)
RYmer occurrences: 21213
Load factor: 0.629425
Construction so far: 1.10557 seconds
Hash table size: 32768
Time usage: 1.10856 seconds
Memory usage: 0.423393 GiB
	Command being timed: "./vgan_corrected/dep/vg/bin/vg rymer -t 16 -p -g vgan_corrected/share/vgan/hcfiles/graph.gbwt -d vgan_corrected/share/vgan/hcfiles/graph.dist -o vgan_corrected/share/vgan/hcfiles/graph.ry vgan_corrected/share/vgan/hcfiles/graph.og -k 30 -w 10"
	User time (seconds): 2.47
	System time (seconds): 0.43
	Percent of CPU this job got: 245%
	Elapsed (wall clock) time (h:mm:ss or m:ss): 0:01.18
	Average shared text size (kbytes): 0
	Average unshared data size (kbytes): 0
	Average stack size (kbytes): 0
	Average total size (kbytes): 0
	Maximum resident set size (kbytes): 443960
	Average resident set size (kbytes): 0
	Major (requiring I/O) page faults: 0
	Minor (reclaiming a frame) page faults: 106749
	Voluntary context switches: 91
	Involuntary context switches: 14
	Swaps: 0
	File system inputs: 0
	File system outputs: 2128
	Socket messages sent: 0
	Socket messages received: 0
	Signals delivered: 0
	Page size (bytes): 4096
	Exit status: 0
