Loading input graph from vgan_corrected/share/vgan/hcfiles/graph.og
Loading GBWT from vgan_corrected/share/vgan/hcfiles/graph.gbwt
Building GBWTGraph
Loading SnarlDistanceIndex from vgan_corrected/share/vgan/hcfiles/graph.dist
Building RYmerIndex with k = 10, w = 15
Total count: 84848
DUMPING RYMER HASH
1022 keys (14 unique)
RYmer occurrences: 8158
Load factor: 0.499023
Construction so far: 0.628806 seconds
Hash table size: 2048
Time usage: 0.629628 seconds
Memory usage: 0.420574 GiB
	Command being timed: "./vgan_corrected/dep/vg/bin/vg rymer -t 16 -p -g vgan_corrected/share/vgan/hcfiles/graph.gbwt -d vgan_corrected/share/vgan/hcfiles/graph.dist -o vgan_corrected/share/vgan/hcfiles/graph.ry vgan_corrected/share/vgan/hcfiles/graph.og -k 10 -w 15"
	User time (seconds): 1.27
	System time (seconds): 0.36
	Percent of CPU this job got: 232%
	Elapsed (wall clock) time (h:mm:ss or m:ss): 0:00.70
	Average shared text size (kbytes): 0
	Average unshared data size (kbytes): 0
	Average stack size (kbytes): 0
	Average total size (kbytes): 0
	Maximum resident set size (kbytes): 441004
	Average resident set size (kbytes): 0
	Major (requiring I/O) page faults: 0
	Minor (reclaiming a frame) page faults: 105981
	Voluntary context switches: 90
	Involuntary context switches: 17
	Swaps: 0
	File system inputs: 0
	File system outputs: 536
	Socket messages sent: 0
	Socket messages received: 0
	Signals delivered: 0
	Page size (bytes): 4096
	Exit status: 0
