Loading input graph from vgan_corrected/share/vgan/hcfiles/graph.og
Loading GBWT from vgan_corrected/share/vgan/hcfiles/graph.gbwt
Building GBWTGraph
Loading SnarlDistanceIndex from vgan_corrected/share/vgan/hcfiles/graph.dist
Building RYmerIndex with k = 20, w = 25
Total count: 146716
DUMPING RYMER HASH
8224 keys (8058 unique)
RYmer occurrences: 8393
Load factor: 0.501953
Construction so far: 1.23056 seconds
Hash table size: 16384
Time usage: 1.23212 seconds
Memory usage: 0.421539 GiB
	Command being timed: "./vgan_corrected/dep/vg/bin/vg rymer -t 16 -p -g vgan_corrected/share/vgan/hcfiles/graph.gbwt -d vgan_corrected/share/vgan/hcfiles/graph.dist -o vgan_corrected/share/vgan/hcfiles/graph.ry vgan_corrected/share/vgan/hcfiles/graph.og -k 20 -w 25"
	User time (seconds): 3.26
	System time (seconds): 0.46
	Percent of CPU this job got: 283%
	Elapsed (wall clock) time (h:mm:ss or m:ss): 0:01.32
	Average shared text size (kbytes): 0
	Average unshared data size (kbytes): 0
	Average stack size (kbytes): 0
	Average total size (kbytes): 0
	Maximum resident set size (kbytes): 442016
	Average resident set size (kbytes): 0
	Major (requiring I/O) page faults: 0
	Minor (reclaiming a frame) page faults: 106291
	Voluntary context switches: 79
	Involuntary context switches: 20
	Swaps: 0
	File system inputs: 0
	File system outputs: 1056
	Socket messages sent: 0
	Socket messages received: 0
	Signals delivered: 0
	Page size (bytes): 4096
	Exit status: 0
