╦ ╦┌─┐┌─┐┬  ┌─┐╔═╗┌─┐┬─┐┌┬┐
╠═╣├─┤├─┘│  │ │║  ├─┤├┬┘ │
╩ ╩┴ ┴┴  ┴─┘└─┘╚═╝┴ ┴┴└─ ┴


Predicting sample: stdin
Using 35 threads
Processing sample 1 of 1
Mapping reads...
Reading GAM file RbKBc93
Reads mapped
Done reading GAM file /tmp/RbKBc93
Found 69 reads.
Removing PCR duplicates ...
PCR duplicates removed.
Computing haplogroup likelihoods from 69 reads.


#sample	predicted haplogroup	reads
stdin	H1bi	69
╦ ╦┌─┐┌─┐┬  ┌─┐╔═╗┌─┐┬─┐┌┬┐
╠═╣├─┤├─┘│  │ │║  ├─┤├┬┘ │
╩ ╩┴ ┴┴  ┴─┘└─┘╚═╝┴ ┴┴└─ ┴


Predicting sample: stdin
Using 35 threads
Processing sample 1 of 1
Mapping reads...
Reading GAM file ZIfconW
Reads mapped
Done reading GAM file /tmp/ZIfconW
Found 69 reads.
Removing PCR duplicates ...
PCR duplicates removed.
Computing haplogroup likelihoods from 69 reads.


#sample	predicted haplogroup	reads
stdin	H1bi	69
