╦ ╦┌─┐┌─┐┬  ┌─┐╔═╗┌─┐┬─┐┌┬┐
╠═╣├─┤├─┘│  │ │║  ├─┤├┬┘ │
╩ ╩┴ ┴┴  ┴─┘└─┘╚═╝┴ ┴┴└─ ┴


Predicting sample: stdin
Using 35 threads
Processing sample 1 of 1
Mapping reads...
Reading GAM file 4JRnyT4
Reads mapped
Done reading GAM file /tmp/4JRnyT4
Found 59 reads.
Removing PCR duplicates ...
PCR duplicates removed.
Computing haplogroup likelihoods from 59 reads.


#sample	predicted haplogroup	reads
stdin	B2	59
╦ ╦┌─┐┌─┐┬  ┌─┐╔═╗┌─┐┬─┐┌┬┐
╠═╣├─┤├─┘│  │ │║  ├─┤├┬┘ │
╩ ╩┴ ┴┴  ┴─┘└─┘╚═╝┴ ┴┴└─ ┴


Predicting sample: stdin
Using 35 threads
Processing sample 1 of 1
Mapping reads...
Reading GAM file PLQeM62
Reads mapped
Done reading GAM file /tmp/PLQeM62
Found 59 reads.
Removing PCR duplicates ...
PCR duplicates removed.
Computing haplogroup likelihoods from 59 reads.


#sample	predicted haplogroup	reads
stdin	B2	59
