╦ ╦┌─┐┌─┐┬  ┌─┐╔═╗┌─┐┬─┐┌┬┐
╠═╣├─┤├─┘│  │ │║  ├─┤├┬┘ │
╩ ╩┴ ┴┴  ┴─┘└─┘╚═╝┴ ┴┴└─ ┴


Predicting sample: stdin
Using 35 threads
Processing sample 1 of 1
Mapping reads...
Reading GAM file T5ic1Kh
Reads mapped
Done reading GAM file /tmp/T5ic1Kh
Found 49 reads.
Removing PCR duplicates ...
PCR duplicates removed.
Computing haplogroup likelihoods from 49 reads.


#sample	predicted haplogroup	reads
stdin	T2b22	49
╦ ╦┌─┐┌─┐┬  ┌─┐╔═╗┌─┐┬─┐┌┬┐
╠═╣├─┤├─┘│  │ │║  ├─┤├┬┘ │
╩ ╩┴ ┴┴  ┴─┘└─┘╚═╝┴ ┴┴└─ ┴


Predicting sample: stdin
Using 35 threads
Processing sample 1 of 1
Mapping reads...
Reading GAM file Qi394wl
Reads mapped
Done reading GAM file /tmp/Qi394wl
Found 49 reads.
Removing PCR duplicates ...
PCR duplicates removed.
Computing haplogroup likelihoods from 49 reads.


#sample	predicted haplogroup	reads
stdin	T2b22	49
