╦ ╦┌─┐┌─┐┬  ┌─┐╔═╗┌─┐┬─┐┌┬┐
╠═╣├─┤├─┘│  │ │║  ├─┤├┬┘ │
╩ ╩┴ ┴┴  ┴─┘└─┘╚═╝┴ ┴┴└─ ┴


Predicting sample: stdin
Using 35 threads
Processing sample 1 of 1
Mapping reads...
Reading GAM file c7EWCLF
Reads mapped
Done reading GAM file /tmp/c7EWCLF
Found 72 reads.
Removing PCR duplicates ...
PCR duplicates removed.
Computing haplogroup likelihoods from 72 reads.


#sample	predicted haplogroup	reads
stdin	H1	72
╦ ╦┌─┐┌─┐┬  ┌─┐╔═╗┌─┐┬─┐┌┬┐
╠═╣├─┤├─┘│  │ │║  ├─┤├┬┘ │
╩ ╩┴ ┴┴  ┴─┘└─┘╚═╝┴ ┴┴└─ ┴


Predicting sample: stdin
Using 35 threads
Processing sample 1 of 1
Mapping reads...
Reading GAM file F4AOQr0
Reads mapped
Done reading GAM file /tmp/F4AOQr0
Found 72 reads.
Removing PCR duplicates ...
PCR duplicates removed.
Computing haplogroup likelihoods from 72 reads.


#sample	predicted haplogroup	reads
stdin	H1	72
