╦ ╦┌─┐┌─┐┬  ┌─┐╔═╗┌─┐┬─┐┌┬┐
╠═╣├─┤├─┘│  │ │║  ├─┤├┬┘ │
╩ ╩┴ ┴┴  ┴─┘└─┘╚═╝┴ ┴┴└─ ┴


Predicting sample: stdin
Using 35 threads
Processing sample 1 of 1
Mapping reads...
Reading GAM file nrKpcbt
Reads mapped
Done reading GAM file /tmp/nrKpcbt
Found 32 reads.
Removing PCR duplicates ...
PCR duplicates removed.
Computing haplogroup likelihoods from 32 reads.


#sample	predicted haplogroup	reads
stdin	B4'5	32
╦ ╦┌─┐┌─┐┬  ┌─┐╔═╗┌─┐┬─┐┌┬┐
╠═╣├─┤├─┘│  │ │║  ├─┤├┬┘ │
╩ ╩┴ ┴┴  ┴─┘└─┘╚═╝┴ ┴┴└─ ┴


Predicting sample: stdin
Using 35 threads
Processing sample 1 of 1
Mapping reads...
Reading GAM file 1bCtNN2
Reads mapped
Done reading GAM file /tmp/1bCtNN2
Found 32 reads.
Removing PCR duplicates ...
PCR duplicates removed.
Computing haplogroup likelihoods from 32 reads.


#sample	predicted haplogroup	reads
stdin	B4'5	32
