╦ ╦┌─┐┌─┐┬  ┌─┐╔═╗┌─┐┬─┐┌┬┐
╠═╣├─┤├─┘│  │ │║  ├─┤├┬┘ │
╩ ╩┴ ┴┴  ┴─┘└─┘╚═╝┴ ┴┴└─ ┴


Predicting sample: stdin
Using 35 threads
Processing sample 1 of 1
Mapping reads...
Reading GAM file n78K1WV
Reads mapped
Done reading GAM file /tmp/n78K1WV
Found 54 reads.
Removing PCR duplicates ...
PCR duplicates removed.
Computing haplogroup likelihoods from 54 reads.


#sample	predicted haplogroup	reads
stdin	J1d	54
╦ ╦┌─┐┌─┐┬  ┌─┐╔═╗┌─┐┬─┐┌┬┐
╠═╣├─┤├─┘│  │ │║  ├─┤├┬┘ │
╩ ╩┴ ┴┴  ┴─┘└─┘╚═╝┴ ┴┴└─ ┴


Predicting sample: stdin
Using 35 threads
Processing sample 1 of 1
Mapping reads...
Reading GAM file 07aFa0v
Reads mapped
Done reading GAM file /tmp/07aFa0v
Found 54 reads.
Removing PCR duplicates ...
PCR duplicates removed.
Computing haplogroup likelihoods from 54 reads.


#sample	predicted haplogroup	reads
stdin	J1d	54
