╦ ╦┌─┐┌─┐┬  ┌─┐╔═╗┌─┐┬─┐┌┬┐
╠═╣├─┤├─┘│  │ │║  ├─┤├┬┘ │
╩ ╩┴ ┴┴  ┴─┘└─┘╚═╝┴ ┴┴└─ ┴


Predicting sample: stdin
Using 35 threads
Processing sample 1 of 1
Mapping reads...
Reading GAM file ZBgNpo5
Reads mapped
Done reading GAM file /tmp/ZBgNpo5
Found 64 reads.
Removing PCR duplicates ...
PCR duplicates removed.
Computing haplogroup likelihoods from 64 reads.


#sample	predicted haplogroup	reads
stdin	B4'5	64
╦ ╦┌─┐┌─┐┬  ┌─┐╔═╗┌─┐┬─┐┌┬┐
╠═╣├─┤├─┘│  │ │║  ├─┤├┬┘ │
╩ ╩┴ ┴┴  ┴─┘└─┘╚═╝┴ ┴┴└─ ┴


Predicting sample: stdin
Using 35 threads
Processing sample 1 of 1
Mapping reads...
Reading GAM file 63VFwdb
Reads mapped
Done reading GAM file /tmp/63VFwdb
Found 64 reads.
Removing PCR duplicates ...
PCR duplicates removed.
Computing haplogroup likelihoods from 64 reads.


#sample	predicted haplogroup	reads
stdin	B4'5	64
