╦ ╦┌─┐┌─┐┬  ┌─┐╔═╗┌─┐┬─┐┌┬┐
╠═╣├─┤├─┘│  │ │║  ├─┤├┬┘ │
╩ ╩┴ ┴┴  ┴─┘└─┘╚═╝┴ ┴┴└─ ┴


Predicting sample: stdin
Using 35 threads
Processing sample 1 of 1
Mapping reads...
Reading GAM file hCNlzUj
Reads mapped
Done reading GAM file /tmp/hCNlzUj
Found 39 reads.
Removing PCR duplicates ...
PCR duplicates removed.
Computing haplogroup likelihoods from 39 reads.


#sample	predicted haplogroup	reads
stdin	B2	39
╦ ╦┌─┐┌─┐┬  ┌─┐╔═╗┌─┐┬─┐┌┬┐
╠═╣├─┤├─┘│  │ │║  ├─┤├┬┘ │
╩ ╩┴ ┴┴  ┴─┘└─┘╚═╝┴ ┴┴└─ ┴


Predicting sample: stdin
Using 35 threads
Processing sample 1 of 1
Mapping reads...
Reading GAM file emn56bV
Reads mapped
Done reading GAM file /tmp/emn56bV
Found 39 reads.
Removing PCR duplicates ...
PCR duplicates removed.
Computing haplogroup likelihoods from 39 reads.


#sample	predicted haplogroup	reads
stdin	B2	39
