╦ ╦┌─┐┌─┐┬  ┌─┐╔═╗┌─┐┬─┐┌┬┐
╠═╣├─┤├─┘│  │ │║  ├─┤├┬┘ │
╩ ╩┴ ┴┴  ┴─┘└─┘╚═╝┴ ┴┴└─ ┴


Predicting sample: stdin
Using 35 threads
Processing sample 1 of 1
Mapping reads...
Reading GAM file 2GrSEpS
Reads mapped
Done reading GAM file /tmp/2GrSEpS
Found 47 reads.
Removing PCR duplicates ...
PCR duplicates removed.
Computing haplogroup likelihoods from 47 reads.


#sample	predicted haplogroup	reads
stdin	U8a1b	47
╦ ╦┌─┐┌─┐┬  ┌─┐╔═╗┌─┐┬─┐┌┬┐
╠═╣├─┤├─┘│  │ │║  ├─┤├┬┘ │
╩ ╩┴ ┴┴  ┴─┘└─┘╚═╝┴ ┴┴└─ ┴


Predicting sample: stdin
Using 35 threads
Processing sample 1 of 1
Mapping reads...
Reading GAM file E0xuTQg
Reads mapped
Done reading GAM file /tmp/E0xuTQg
Found 47 reads.
Removing PCR duplicates ...
PCR duplicates removed.
Computing haplogroup likelihoods from 47 reads.


#sample	predicted haplogroup	reads
stdin	U8a1b	47
