╦ ╦┌─┐┌─┐┬  ┌─┐╔═╗┌─┐┬─┐┌┬┐
╠═╣├─┤├─┘│  │ │║  ├─┤├┬┘ │
╩ ╩┴ ┴┴  ┴─┘└─┘╚═╝┴ ┴┴└─ ┴


Predicting sample: stdin
Using 35 threads
Processing sample 1 of 1
Mapping reads...
Reading GAM file rLA9cFe
Reads mapped
Done reading GAM file /tmp/rLA9cFe
Found 50 reads.
Removing PCR duplicates ...
PCR duplicates removed.
Computing haplogroup likelihoods from 48 reads.


#sample	predicted haplogroup	reads
stdin	H1aq	48
╦ ╦┌─┐┌─┐┬  ┌─┐╔═╗┌─┐┬─┐┌┬┐
╠═╣├─┤├─┘│  │ │║  ├─┤├┬┘ │
╩ ╩┴ ┴┴  ┴─┘└─┘╚═╝┴ ┴┴└─ ┴


Predicting sample: stdin
Using 35 threads
Processing sample 1 of 1
Mapping reads...
Reading GAM file zE9xATr
Reads mapped
Done reading GAM file /tmp/zE9xATr
Found 50 reads.
Removing PCR duplicates ...
PCR duplicates removed.
Computing haplogroup likelihoods from 48 reads.


#sample	predicted haplogroup	reads
stdin	H1aq	48
