╦ ╦┌─┐┌─┐┬  ┌─┐╔═╗┌─┐┬─┐┌┬┐
╠═╣├─┤├─┘│  │ │║  ├─┤├┬┘ │
╩ ╩┴ ┴┴  ┴─┘└─┘╚═╝┴ ┴┴└─ ┴


Predicting sample: stdin
Using 35 threads
Processing sample 1 of 1
Mapping reads...
Reading GAM file hq8rc8k
Reads mapped
Done reading GAM file /tmp/hq8rc8k
Found 64 reads.
Removing PCR duplicates ...
PCR duplicates removed.
Computing haplogroup likelihoods from 64 reads.


#sample	predicted haplogroup	reads
stdin	H1	64
╦ ╦┌─┐┌─┐┬  ┌─┐╔═╗┌─┐┬─┐┌┬┐
╠═╣├─┤├─┘│  │ │║  ├─┤├┬┘ │
╩ ╩┴ ┴┴  ┴─┘└─┘╚═╝┴ ┴┴└─ ┴


Predicting sample: stdin
Using 35 threads
Processing sample 1 of 1
Mapping reads...
Reading GAM file 6bra8aJ
Reads mapped
Done reading GAM file /tmp/6bra8aJ
Found 64 reads.
Removing PCR duplicates ...
PCR duplicates removed.
Computing haplogroup likelihoods from 64 reads.


#sample	predicted haplogroup	reads
stdin	H1	64
