╦ ╦┌─┐┌─┐┬  ┌─┐╔═╗┌─┐┬─┐┌┬┐
╠═╣├─┤├─┘│  │ │║  ├─┤├┬┘ │
╩ ╩┴ ┴┴  ┴─┘└─┘╚═╝┴ ┴┴└─ ┴


Predicting sample: stdin
Using 35 threads
Processing sample 1 of 1
Mapping reads...
Reading GAM file CRsqVAr
Reads mapped
Done reading GAM file /tmp/CRsqVAr
Found 68 reads.
Removing PCR duplicates ...
PCR duplicates removed.
Computing haplogroup likelihoods from 68 reads.


#sample	predicted haplogroup	reads
stdin	B4	68
╦ ╦┌─┐┌─┐┬  ┌─┐╔═╗┌─┐┬─┐┌┬┐
╠═╣├─┤├─┘│  │ │║  ├─┤├┬┘ │
╩ ╩┴ ┴┴  ┴─┘└─┘╚═╝┴ ┴┴└─ ┴


Predicting sample: stdin
Using 35 threads
Processing sample 1 of 1
Mapping reads...
Reading GAM file 6U2whwp
Reads mapped
Done reading GAM file /tmp/6U2whwp
Found 68 reads.
Removing PCR duplicates ...
PCR duplicates removed.
Computing haplogroup likelihoods from 68 reads.


#sample	predicted haplogroup	reads
stdin	B4	68
