╦ ╦┌─┐┌─┐┬  ┌─┐╔═╗┌─┐┬─┐┌┬┐
╠═╣├─┤├─┘│  │ │║  ├─┤├┬┘ │
╩ ╩┴ ┴┴  ┴─┘└─┘╚═╝┴ ┴┴└─ ┴


Predicting sample: stdin
Using 35 threads
Processing sample 1 of 1
Mapping reads...
Reading GAM file nQd8rY6
Reads mapped
Done reading GAM file /tmp/nQd8rY6
Found 62 reads.
Removing PCR duplicates ...
PCR duplicates removed.
Computing haplogroup likelihoods from 62 reads.


#sample	predicted haplogroup	reads
stdin	H1	62
╦ ╦┌─┐┌─┐┬  ┌─┐╔═╗┌─┐┬─┐┌┬┐
╠═╣├─┤├─┘│  │ │║  ├─┤├┬┘ │
╩ ╩┴ ┴┴  ┴─┘└─┘╚═╝┴ ┴┴└─ ┴


Predicting sample: stdin
Using 35 threads
Processing sample 1 of 1
Mapping reads...
Reading GAM file FFFp3io
Reads mapped
Done reading GAM file /tmp/FFFp3io
Found 62 reads.
Removing PCR duplicates ...
PCR duplicates removed.
Computing haplogroup likelihoods from 62 reads.


#sample	predicted haplogroup	reads
stdin	H1	62
