╦ ╦┌─┐┌─┐┬  ┌─┐╔═╗┌─┐┬─┐┌┬┐
╠═╣├─┤├─┘│  │ │║  ├─┤├┬┘ │
╩ ╩┴ ┴┴  ┴─┘└─┘╚═╝┴ ┴┴└─ ┴


Predicting sample: stdin
Using 35 threads
Processing sample 1 of 1
Mapping reads...
Reading GAM file 2D337FC
Reads mapped
Done reading GAM file /tmp/2D337FC
Found 65 reads.
Removing PCR duplicates ...
PCR duplicates removed.
Computing haplogroup likelihoods from 65 reads.


#sample	predicted haplogroup	reads
stdin	B4'5	65
╦ ╦┌─┐┌─┐┬  ┌─┐╔═╗┌─┐┬─┐┌┬┐
╠═╣├─┤├─┘│  │ │║  ├─┤├┬┘ │
╩ ╩┴ ┴┴  ┴─┘└─┘╚═╝┴ ┴┴└─ ┴


Predicting sample: stdin
Using 35 threads
Processing sample 1 of 1
Mapping reads...
Reading GAM file Tmau0cB
Reads mapped
Done reading GAM file /tmp/Tmau0cB
Found 65 reads.
Removing PCR duplicates ...
PCR duplicates removed.
Computing haplogroup likelihoods from 65 reads.


#sample	predicted haplogroup	reads
stdin	B4'5	65
