╦ ╦┌─┐┌─┐┬  ┌─┐╔═╗┌─┐┬─┐┌┬┐
╠═╣├─┤├─┘│  │ │║  ├─┤├┬┘ │
╩ ╩┴ ┴┴  ┴─┘└─┘╚═╝┴ ┴┴└─ ┴


Predicting sample: stdin
Using 35 threads
Processing sample 1 of 1
Mapping reads...
Reading GAM file O7j8YL4
Reads mapped
Done reading GAM file /tmp/O7j8YL4
Found 57 reads.
Removing PCR duplicates ...
PCR duplicates removed.
Computing haplogroup likelihoods from 57 reads.


#sample	predicted haplogroup	reads
stdin	C4a1a1	57
╦ ╦┌─┐┌─┐┬  ┌─┐╔═╗┌─┐┬─┐┌┬┐
╠═╣├─┤├─┘│  │ │║  ├─┤├┬┘ │
╩ ╩┴ ┴┴  ┴─┘└─┘╚═╝┴ ┴┴└─ ┴


Predicting sample: stdin
Using 35 threads
Processing sample 1 of 1
Mapping reads...
Reading GAM file 1pADE7a
Reads mapped
Done reading GAM file /tmp/1pADE7a
Found 57 reads.
Removing PCR duplicates ...
PCR duplicates removed.
Computing haplogroup likelihoods from 57 reads.


#sample	predicted haplogroup	reads
stdin	C4a1a1	57
