╦ ╦┌─┐┌─┐┬  ┌─┐╔═╗┌─┐┬─┐┌┬┐
╠═╣├─┤├─┘│  │ │║  ├─┤├┬┘ │
╩ ╩┴ ┴┴  ┴─┘└─┘╚═╝┴ ┴┴└─ ┴


Predicting sample: stdin
Using 35 threads
Processing sample 1 of 1
Mapping reads...
Reading GAM file CQSX8dS
Reads mapped
Done reading GAM file /tmp/CQSX8dS
Found 47 reads.
Removing PCR duplicates ...
PCR duplicates removed.
Computing haplogroup likelihoods from 47 reads.


#sample	predicted haplogroup	reads
stdin	C4d	47
╦ ╦┌─┐┌─┐┬  ┌─┐╔═╗┌─┐┬─┐┌┬┐
╠═╣├─┤├─┘│  │ │║  ├─┤├┬┘ │
╩ ╩┴ ┴┴  ┴─┘└─┘╚═╝┴ ┴┴└─ ┴


Predicting sample: stdin
Using 35 threads
Processing sample 1 of 1
Mapping reads...
Reading GAM file OqQ6q1T
Reads mapped
Done reading GAM file /tmp/OqQ6q1T
Found 47 reads.
Removing PCR duplicates ...
PCR duplicates removed.
Computing haplogroup likelihoods from 47 reads.


#sample	predicted haplogroup	reads
stdin	C4d	47
