╦ ╦┌─┐┌─┐┬  ┌─┐╔═╗┌─┐┬─┐┌┬┐
╠═╣├─┤├─┘│  │ │║  ├─┤├┬┘ │
╩ ╩┴ ┴┴  ┴─┘└─┘╚═╝┴ ┴┴└─ ┴


Predicting sample: stdin
Using 35 threads
Processing sample 1 of 1
Mapping reads...
Reading GAM file rKjHZ1B
Reads mapped
Done reading GAM file /tmp/rKjHZ1B
Found 46 reads.
Removing PCR duplicates ...
PCR duplicates removed.
Computing haplogroup likelihoods from 46 reads.


#sample	predicted haplogroup	reads
stdin	C1d1	46
╦ ╦┌─┐┌─┐┬  ┌─┐╔═╗┌─┐┬─┐┌┬┐
╠═╣├─┤├─┘│  │ │║  ├─┤├┬┘ │
╩ ╩┴ ┴┴  ┴─┘└─┘╚═╝┴ ┴┴└─ ┴


Predicting sample: stdin
Using 35 threads
Processing sample 1 of 1
Mapping reads...
Reading GAM file dklPVK0
Reads mapped
Done reading GAM file /tmp/dklPVK0
Found 46 reads.
Removing PCR duplicates ...
PCR duplicates removed.
Computing haplogroup likelihoods from 46 reads.


#sample	predicted haplogroup	reads
stdin	C1d1	46
