╦ ╦┌─┐┌─┐┬  ┌─┐╔═╗┌─┐┬─┐┌┬┐
╠═╣├─┤├─┘│  │ │║  ├─┤├┬┘ │
╩ ╩┴ ┴┴  ┴─┘└─┘╚═╝┴ ┴┴└─ ┴


Predicting sample: stdin
Using 35 threads
Processing sample 1 of 1
Mapping reads...
Reading GAM file d4QGzni
Reads mapped
Done reading GAM file /tmp/d4QGzni
Found 38 reads.
Removing PCR duplicates ...
PCR duplicates removed.
Computing haplogroup likelihoods from 38 reads.


#sample	predicted haplogroup	reads
stdin	C1b8a	38
╦ ╦┌─┐┌─┐┬  ┌─┐╔═╗┌─┐┬─┐┌┬┐
╠═╣├─┤├─┘│  │ │║  ├─┤├┬┘ │
╩ ╩┴ ┴┴  ┴─┘└─┘╚═╝┴ ┴┴└─ ┴


Predicting sample: stdin
Using 35 threads
Processing sample 1 of 1
Mapping reads...
Reading GAM file blQFiJg
Reads mapped
Done reading GAM file /tmp/blQFiJg
Found 38 reads.
Removing PCR duplicates ...
PCR duplicates removed.
Computing haplogroup likelihoods from 38 reads.


#sample	predicted haplogroup	reads
stdin	C1d2	38
