╦ ╦┌─┐┌─┐┬  ┌─┐╔═╗┌─┐┬─┐┌┬┐
╠═╣├─┤├─┘│  │ │║  ├─┤├┬┘ │
╩ ╩┴ ┴┴  ┴─┘└─┘╚═╝┴ ┴┴└─ ┴


Predicting sample: stdin
Using 35 threads
Processing sample 1 of 1
Mapping reads...
Reading GAM file TxvqUpk
Reads mapped
Done reading GAM file /tmp/TxvqUpk
Found 40 reads.
Removing PCR duplicates ...
PCR duplicates removed.
Computing haplogroup likelihoods from 40 reads.


#sample	predicted haplogroup	reads
stdin	U5b2a1b	40
╦ ╦┌─┐┌─┐┬  ┌─┐╔═╗┌─┐┬─┐┌┬┐
╠═╣├─┤├─┘│  │ │║  ├─┤├┬┘ │
╩ ╩┴ ┴┴  ┴─┘└─┘╚═╝┴ ┴┴└─ ┴


Predicting sample: stdin
Using 35 threads
Processing sample 1 of 1
Mapping reads...
Reading GAM file iLsQjAw
Reads mapped
Done reading GAM file /tmp/iLsQjAw
Found 40 reads.
Removing PCR duplicates ...
PCR duplicates removed.
Computing haplogroup likelihoods from 40 reads.


#sample	predicted haplogroup	reads
stdin	U5b2a1b	40
