╦ ╦┌─┐┌─┐┬  ┌─┐╔═╗┌─┐┬─┐┌┬┐
╠═╣├─┤├─┘│  │ │║  ├─┤├┬┘ │
╩ ╩┴ ┴┴  ┴─┘└─┘╚═╝┴ ┴┴└─ ┴


Predicting sample: stdin
Using 35 threads
Processing sample 1 of 1
Mapping reads...
Reading GAM file FO1W1Da
Reads mapped
Done reading GAM file /tmp/FO1W1Da
Found 41 reads.
Removing PCR duplicates ...
PCR duplicates removed.
Computing haplogroup likelihoods from 41 reads.


#sample	predicted haplogroup	reads
stdin	J1	41
╦ ╦┌─┐┌─┐┬  ┌─┐╔═╗┌─┐┬─┐┌┬┐
╠═╣├─┤├─┘│  │ │║  ├─┤├┬┘ │
╩ ╩┴ ┴┴  ┴─┘└─┘╚═╝┴ ┴┴└─ ┴


Predicting sample: stdin
Using 35 threads
Processing sample 1 of 1
Mapping reads...
Reading GAM file GfhkMwQ
Reads mapped
Done reading GAM file /tmp/GfhkMwQ
Found 41 reads.
Removing PCR duplicates ...
PCR duplicates removed.
Computing haplogroup likelihoods from 41 reads.


#sample	predicted haplogroup	reads
stdin	J1	41
