╦ ╦┌─┐┌─┐┬  ┌─┐╔═╗┌─┐┬─┐┌┬┐
╠═╣├─┤├─┘│  │ │║  ├─┤├┬┘ │
╩ ╩┴ ┴┴  ┴─┘└─┘╚═╝┴ ┴┴└─ ┴


Predicting sample: stdin
Using 35 threads
Processing sample 1 of 1
Mapping reads...
Reading GAM file MaGg89f
Reads mapped
Done reading GAM file /tmp/MaGg89f
Found 29 reads.
Removing PCR duplicates ...
PCR duplicates removed.
Computing haplogroup likelihoods from 29 reads.


#sample	predicted haplogroup	reads
stdin	U4a2h1	29
╦ ╦┌─┐┌─┐┬  ┌─┐╔═╗┌─┐┬─┐┌┬┐
╠═╣├─┤├─┘│  │ │║  ├─┤├┬┘ │
╩ ╩┴ ┴┴  ┴─┘└─┘╚═╝┴ ┴┴└─ ┴


Predicting sample: stdin
Using 35 threads
Processing sample 1 of 1
Mapping reads...
Reading GAM file g953si7
Reads mapped
Done reading GAM file /tmp/g953si7
Found 29 reads.
Removing PCR duplicates ...
PCR duplicates removed.
Computing haplogroup likelihoods from 29 reads.


#sample	predicted haplogroup	reads
stdin	U4a2h1	29
