╦ ╦┌─┐┌─┐┬  ┌─┐╔═╗┌─┐┬─┐┌┬┐
╠═╣├─┤├─┘│  │ │║  ├─┤├┬┘ │
╩ ╩┴ ┴┴  ┴─┘└─┘╚═╝┴ ┴┴└─ ┴


Predicting sample: stdin
Using 35 threads
Processing sample 1 of 1
Mapping reads...
Reading GAM file 01qeIL7
Reads mapped
Done reading GAM file /tmp/01qeIL7
Found 41 reads.
Removing PCR duplicates ...
PCR duplicates removed.
Computing haplogroup likelihoods from 41 reads.


#sample	predicted haplogroup	reads
stdin	H5s	41
╦ ╦┌─┐┌─┐┬  ┌─┐╔═╗┌─┐┬─┐┌┬┐
╠═╣├─┤├─┘│  │ │║  ├─┤├┬┘ │
╩ ╩┴ ┴┴  ┴─┘└─┘╚═╝┴ ┴┴└─ ┴


Predicting sample: stdin
Using 35 threads
Processing sample 1 of 1
Mapping reads...
Reading GAM file 09vZCrm
Reads mapped
Done reading GAM file /tmp/09vZCrm
Found 41 reads.
Removing PCR duplicates ...
PCR duplicates removed.
Computing haplogroup likelihoods from 41 reads.


#sample	predicted haplogroup	reads
stdin	H5s	41
