╦ ╦┌─┐┌─┐┬  ┌─┐╔═╗┌─┐┬─┐┌┬┐
╠═╣├─┤├─┘│  │ │║  ├─┤├┬┘ │
╩ ╩┴ ┴┴  ┴─┘└─┘╚═╝┴ ┴┴└─ ┴


Predicting sample: stdin
Using 35 threads
Processing sample 1 of 1
Mapping reads...
Reading GAM file vVDNEEb
Reads mapped
Done reading GAM file /tmp/vVDNEEb
Found 43 reads.
Removing PCR duplicates ...
PCR duplicates removed.
Computing haplogroup likelihoods from 43 reads.


#sample	predicted haplogroup	reads
stdin	H2a1f	43
╦ ╦┌─┐┌─┐┬  ┌─┐╔═╗┌─┐┬─┐┌┬┐
╠═╣├─┤├─┘│  │ │║  ├─┤├┬┘ │
╩ ╩┴ ┴┴  ┴─┘└─┘╚═╝┴ ┴┴└─ ┴


Predicting sample: stdin
Using 35 threads
Processing sample 1 of 1
Mapping reads...
Reading GAM file VQxE7RU
Reads mapped
Done reading GAM file /tmp/VQxE7RU
Found 43 reads.
Removing PCR duplicates ...
PCR duplicates removed.
Computing haplogroup likelihoods from 43 reads.


#sample	predicted haplogroup	reads
stdin	H2a1f	43
