╦ ╦┌─┐┌─┐┬  ┌─┐╔═╗┌─┐┬─┐┌┬┐
╠═╣├─┤├─┘│  │ │║  ├─┤├┬┘ │
╩ ╩┴ ┴┴  ┴─┘└─┘╚═╝┴ ┴┴└─ ┴


Predicting sample: stdin
Using 35 threads
Processing sample 1 of 1
Mapping reads...
Reading GAM file gqJtXIS
Reads mapped
Done reading GAM file /tmp/gqJtXIS
Found 43 reads.
Removing PCR duplicates ...
PCR duplicates removed.
Computing haplogroup likelihoods from 43 reads.


#sample	predicted haplogroup	reads
stdin	V25	43
╦ ╦┌─┐┌─┐┬  ┌─┐╔═╗┌─┐┬─┐┌┬┐
╠═╣├─┤├─┘│  │ │║  ├─┤├┬┘ │
╩ ╩┴ ┴┴  ┴─┘└─┘╚═╝┴ ┴┴└─ ┴


Predicting sample: stdin
Using 35 threads
Processing sample 1 of 1
Mapping reads...
Reading GAM file l487bvF
Reads mapped
Done reading GAM file /tmp/l487bvF
Found 43 reads.
Removing PCR duplicates ...
PCR duplicates removed.
Computing haplogroup likelihoods from 43 reads.


#sample	predicted haplogroup	reads
stdin	V25	43
