╦ ╦┌─┐┌─┐┬  ┌─┐╔═╗┌─┐┬─┐┌┬┐
╠═╣├─┤├─┘│  │ │║  ├─┤├┬┘ │
╩ ╩┴ ┴┴  ┴─┘└─┘╚═╝┴ ┴┴└─ ┴


Predicting sample: stdin
Using 35 threads
Processing sample 1 of 1
Mapping reads...
Reading GAM file tuIDrQM
Reads mapped
Done reading GAM file /tmp/tuIDrQM
Found 42 reads.
Removing PCR duplicates ...
PCR duplicates removed.
Computing haplogroup likelihoods from 42 reads.


#sample	predicted haplogroup	reads
stdin	H44b	42
╦ ╦┌─┐┌─┐┬  ┌─┐╔═╗┌─┐┬─┐┌┬┐
╠═╣├─┤├─┘│  │ │║  ├─┤├┬┘ │
╩ ╩┴ ┴┴  ┴─┘└─┘╚═╝┴ ┴┴└─ ┴


Predicting sample: stdin
Using 35 threads
Processing sample 1 of 1
Mapping reads...
Reading GAM file JrpvLPq
Reads mapped
Done reading GAM file /tmp/JrpvLPq
Found 42 reads.
Removing PCR duplicates ...
PCR duplicates removed.
Computing haplogroup likelihoods from 42 reads.


#sample	predicted haplogroup	reads
stdin	H44b	42
