╦ ╦┌─┐┌─┐┬  ┌─┐╔═╗┌─┐┬─┐┌┬┐
╠═╣├─┤├─┘│  │ │║  ├─┤├┬┘ │
╩ ╩┴ ┴┴  ┴─┘└─┘╚═╝┴ ┴┴└─ ┴


Predicting sample: stdin
Using 35 threads
Processing sample 1 of 1
Mapping reads...
Reading GAM file pE3PYv2
Reads mapped
Done reading GAM file /tmp/pE3PYv2
Found 46 reads.
Removing PCR duplicates ...
PCR duplicates removed.
Computing haplogroup likelihoods from 45 reads.


#sample	predicted haplogroup	reads
stdin	T2b	45
╦ ╦┌─┐┌─┐┬  ┌─┐╔═╗┌─┐┬─┐┌┬┐
╠═╣├─┤├─┘│  │ │║  ├─┤├┬┘ │
╩ ╩┴ ┴┴  ┴─┘└─┘╚═╝┴ ┴┴└─ ┴


Predicting sample: stdin
Using 35 threads
Processing sample 1 of 1
Mapping reads...
Reading GAM file y9LzXPk
Reads mapped
Done reading GAM file /tmp/y9LzXPk
Found 46 reads.
Removing PCR duplicates ...
PCR duplicates removed.
Computing haplogroup likelihoods from 45 reads.


#sample	predicted haplogroup	reads
stdin	T2b	45
