╦ ╦┌─┐┌─┐┬  ┌─┐╔═╗┌─┐┬─┐┌┬┐
╠═╣├─┤├─┘│  │ │║  ├─┤├┬┘ │
╩ ╩┴ ┴┴  ┴─┘└─┘╚═╝┴ ┴┴└─ ┴


Predicting sample: stdin
Using 35 threads
Processing sample 1 of 1
Mapping reads...
Reading GAM file mu0mCcs
Reads mapped
Done reading GAM file /tmp/mu0mCcs
Found 42 reads.
Removing PCR duplicates ...
PCR duplicates removed.
Computing haplogroup likelihoods from 42 reads.


#sample	predicted haplogroup	reads
stdin	T1	42
╦ ╦┌─┐┌─┐┬  ┌─┐╔═╗┌─┐┬─┐┌┬┐
╠═╣├─┤├─┘│  │ │║  ├─┤├┬┘ │
╩ ╩┴ ┴┴  ┴─┘└─┘╚═╝┴ ┴┴└─ ┴


Predicting sample: stdin
Using 35 threads
Processing sample 1 of 1
Mapping reads...
Reading GAM file 1jIqMyK
Reads mapped
Done reading GAM file /tmp/1jIqMyK
Found 42 reads.
Removing PCR duplicates ...
PCR duplicates removed.
Computing haplogroup likelihoods from 42 reads.


#sample	predicted haplogroup	reads
stdin	T1	42
