╦ ╦┌─┐┌─┐┬  ┌─┐╔═╗┌─┐┬─┐┌┬┐
╠═╣├─┤├─┘│  │ │║  ├─┤├┬┘ │
╩ ╩┴ ┴┴  ┴─┘└─┘╚═╝┴ ┴┴└─ ┴


Predicting sample: stdin
Using 35 threads
Processing sample 1 of 1
Mapping reads...
Reading GAM file pWzpXQZ
Reads mapped
Done reading GAM file /tmp/pWzpXQZ
Found 36 reads.
Removing PCR duplicates ...
PCR duplicates removed.
Computing haplogroup likelihoods from 36 reads.


#sample	predicted haplogroup	reads
stdin	T1	36
╦ ╦┌─┐┌─┐┬  ┌─┐╔═╗┌─┐┬─┐┌┬┐
╠═╣├─┤├─┘│  │ │║  ├─┤├┬┘ │
╩ ╩┴ ┴┴  ┴─┘└─┘╚═╝┴ ┴┴└─ ┴


Predicting sample: stdin
Using 35 threads
Processing sample 1 of 1
Mapping reads...
Reading GAM file SmsV20q
Reads mapped
Done reading GAM file /tmp/SmsV20q
Found 36 reads.
Removing PCR duplicates ...
PCR duplicates removed.
Computing haplogroup likelihoods from 36 reads.


#sample	predicted haplogroup	reads
stdin	T1	36
