╦ ╦┌─┐┌─┐┬  ┌─┐╔═╗┌─┐┬─┐┌┬┐
╠═╣├─┤├─┘│  │ │║  ├─┤├┬┘ │
╩ ╩┴ ┴┴  ┴─┘└─┘╚═╝┴ ┴┴└─ ┴


Predicting sample: stdin
Using 35 threads
Processing sample 1 of 1
Mapping reads...
Reading GAM file XTAVbbL
Reads mapped
Done reading GAM file /tmp/XTAVbbL
Found 43 reads.
Removing PCR duplicates ...
PCR duplicates removed.
Computing haplogroup likelihoods from 43 reads.


#sample	predicted haplogroup	reads
stdin	T2	43
╦ ╦┌─┐┌─┐┬  ┌─┐╔═╗┌─┐┬─┐┌┬┐
╠═╣├─┤├─┘│  │ │║  ├─┤├┬┘ │
╩ ╩┴ ┴┴  ┴─┘└─┘╚═╝┴ ┴┴└─ ┴


Predicting sample: stdin
Using 35 threads
Processing sample 1 of 1
Mapping reads...
Reading GAM file SKmn7TS
Reads mapped
Done reading GAM file /tmp/SKmn7TS
Found 43 reads.
Removing PCR duplicates ...
PCR duplicates removed.
Computing haplogroup likelihoods from 43 reads.


#sample	predicted haplogroup	reads
stdin	T2	43
