╦ ╦┌─┐┌─┐┬  ┌─┐╔═╗┌─┐┬─┐┌┬┐
╠═╣├─┤├─┘│  │ │║  ├─┤├┬┘ │
╩ ╩┴ ┴┴  ┴─┘└─┘╚═╝┴ ┴┴└─ ┴


Predicting sample: stdin
Using 35 threads
Processing sample 1 of 1
Mapping reads...
Reading GAM file RIwsfql
Reads mapped
Done reading GAM file /tmp/RIwsfql
Found 44 reads.
Removing PCR duplicates ...
PCR duplicates removed.
Computing haplogroup likelihoods from 44 reads.


#sample	predicted haplogroup	reads
stdin	T2e1a1b1	44
╦ ╦┌─┐┌─┐┬  ┌─┐╔═╗┌─┐┬─┐┌┬┐
╠═╣├─┤├─┘│  │ │║  ├─┤├┬┘ │
╩ ╩┴ ┴┴  ┴─┘└─┘╚═╝┴ ┴┴└─ ┴


Predicting sample: stdin
Using 35 threads
Processing sample 1 of 1
Mapping reads...
Reading GAM file 896pnHE
Reads mapped
Done reading GAM file /tmp/896pnHE
Found 44 reads.
Removing PCR duplicates ...
PCR duplicates removed.
Computing haplogroup likelihoods from 44 reads.


#sample	predicted haplogroup	reads
stdin	T2e1a1b1	44
