╦ ╦┌─┐┌─┐┬  ┌─┐╔═╗┌─┐┬─┐┌┬┐
╠═╣├─┤├─┘│  │ │║  ├─┤├┬┘ │
╩ ╩┴ ┴┴  ┴─┘└─┘╚═╝┴ ┴┴└─ ┴


Predicting sample: stdin
Using 35 threads
Processing sample 1 of 1
Mapping reads...
Reading GAM file r2ml1qH
Reads mapped
Done reading GAM file /tmp/r2ml1qH
Found 47 reads.
Removing PCR duplicates ...
PCR duplicates removed.
Computing haplogroup likelihoods from 47 reads.


#sample	predicted haplogroup	reads
stdin	T2b	47
╦ ╦┌─┐┌─┐┬  ┌─┐╔═╗┌─┐┬─┐┌┬┐
╠═╣├─┤├─┘│  │ │║  ├─┤├┬┘ │
╩ ╩┴ ┴┴  ┴─┘└─┘╚═╝┴ ┴┴└─ ┴


Predicting sample: stdin
Using 35 threads
Processing sample 1 of 1
Mapping reads...
Reading GAM file IhwHB9G
Reads mapped
Done reading GAM file /tmp/IhwHB9G
Found 47 reads.
Removing PCR duplicates ...
PCR duplicates removed.
Computing haplogroup likelihoods from 47 reads.


#sample	predicted haplogroup	reads
stdin	T2b	47
