╦ ╦┌─┐┌─┐┬  ┌─┐╔═╗┌─┐┬─┐┌┬┐
╠═╣├─┤├─┘│  │ │║  ├─┤├┬┘ │
╩ ╩┴ ┴┴  ┴─┘└─┘╚═╝┴ ┴┴└─ ┴


Predicting sample: stdin
Using 35 threads
Processing sample 1 of 1
Mapping reads...
Reading GAM file J6jl8s6
Reads mapped
Done reading GAM file /tmp/J6jl8s6
Found 50 reads.
Removing PCR duplicates ...
PCR duplicates removed.
Computing haplogroup likelihoods from 49 reads.


#sample	predicted haplogroup	reads
stdin	T2	49
╦ ╦┌─┐┌─┐┬  ┌─┐╔═╗┌─┐┬─┐┌┬┐
╠═╣├─┤├─┘│  │ │║  ├─┤├┬┘ │
╩ ╩┴ ┴┴  ┴─┘└─┘╚═╝┴ ┴┴└─ ┴


Predicting sample: stdin
Using 35 threads
Processing sample 1 of 1
Mapping reads...
Reading GAM file s8lt5SU
Reads mapped
Done reading GAM file /tmp/s8lt5SU
Found 50 reads.
Removing PCR duplicates ...
PCR duplicates removed.
Computing haplogroup likelihoods from 49 reads.


#sample	predicted haplogroup	reads
stdin	T2	49
