╦ ╦┌─┐┌─┐┬  ┌─┐╔═╗┌─┐┬─┐┌┬┐
╠═╣├─┤├─┘│  │ │║  ├─┤├┬┘ │
╩ ╩┴ ┴┴  ┴─┘└─┘╚═╝┴ ┴┴└─ ┴


Predicting sample: stdin
Using 35 threads
Processing sample 1 of 1
Mapping reads...
Reading GAM file esui7nw
Reads mapped
Done reading GAM file /tmp/esui7nw
Found 41 reads.
Removing PCR duplicates ...
PCR duplicates removed.
Computing haplogroup likelihoods from 41 reads.


#sample	predicted haplogroup	reads
stdin	T2	41
╦ ╦┌─┐┌─┐┬  ┌─┐╔═╗┌─┐┬─┐┌┬┐
╠═╣├─┤├─┘│  │ │║  ├─┤├┬┘ │
╩ ╩┴ ┴┴  ┴─┘└─┘╚═╝┴ ┴┴└─ ┴


Predicting sample: stdin
Using 35 threads
Processing sample 1 of 1
Mapping reads...
Reading GAM file 0Eip1aY
Reads mapped
Done reading GAM file /tmp/0Eip1aY
Found 41 reads.
Removing PCR duplicates ...
PCR duplicates removed.
Computing haplogroup likelihoods from 41 reads.


#sample	predicted haplogroup	reads
stdin	T2	41
