╦ ╦┌─┐┌─┐┬  ┌─┐╔═╗┌─┐┬─┐┌┬┐
╠═╣├─┤├─┘│  │ │║  ├─┤├┬┘ │
╩ ╩┴ ┴┴  ┴─┘└─┘╚═╝┴ ┴┴└─ ┴


Predicting sample: stdin
Using 35 threads
Processing sample 1 of 1
Mapping reads...
Reading GAM file c0GvlU1
Reads mapped
Done reading GAM file /tmp/c0GvlU1
Found 37 reads.
Removing PCR duplicates ...
PCR duplicates removed.
Computing haplogroup likelihoods from 37 reads.


#sample	predicted haplogroup	reads
stdin	T2b33	37
╦ ╦┌─┐┌─┐┬  ┌─┐╔═╗┌─┐┬─┐┌┬┐
╠═╣├─┤├─┘│  │ │║  ├─┤├┬┘ │
╩ ╩┴ ┴┴  ┴─┘└─┘╚═╝┴ ┴┴└─ ┴


Predicting sample: stdin
Using 35 threads
Processing sample 1 of 1
Mapping reads...
Reading GAM file jzxhBud
Reads mapped
Done reading GAM file /tmp/jzxhBud
Found 37 reads.
Removing PCR duplicates ...
PCR duplicates removed.
Computing haplogroup likelihoods from 37 reads.


#sample	predicted haplogroup	reads
stdin	T2b33	37
