╦ ╦┌─┐┌─┐┬  ┌─┐╔═╗┌─┐┬─┐┌┬┐
╠═╣├─┤├─┘│  │ │║  ├─┤├┬┘ │
╩ ╩┴ ┴┴  ┴─┘└─┘╚═╝┴ ┴┴└─ ┴


Predicting sample: stdin
Using 35 threads
Processing sample 1 of 1
Mapping reads...
Reading GAM file fKJuFXV
Guessing that /net/node07/home/projects/MAAG/Magpie/Magpie/vgan_corrected/share/vgan/hcfiles/graph.gg is GBWTGraph
Guessing that /net/node07/home/projects/MAAG/Magpie/Magpie/vgan_corrected/share/vgan/hcfiles/graph.xg is XG
Guessing that /net/node07/home/projects/MAAG/Magpie/Magpie/vgan_corrected/share/vgan/hcfiles/graph.gbwt is Giraffe GBWT

warning[vg::giraffe]: Refusing to perform too-large tail alignment of 150 bp against 19476 bp tree which would use more than 1572864 cells and might exhaust Dozeu's allocator; suppressing further warnings.
Reads mapped
Done reading GAM file /tmp/fKJuFXV
Found 423 reads.
Removing PCR duplicates ...
PCR duplicates removed.
Computing haplogroup likelihoods from 420 reads.


#sample	predicted haplogroup	reads
stdin	H7	420
