╦ ╦┌─┐┌─┐┬  ┌─┐╔═╗┌─┐┬─┐┌┬┐
╠═╣├─┤├─┘│  │ │║  ├─┤├┬┘ │
╩ ╩┴ ┴┴  ┴─┘└─┘╚═╝┴ ┴┴└─ ┴


Predicting sample: stdin
Using 35 threads
Processing sample 1 of 1
Mapping reads...
Reading GAM file xCibqKC
Reads mapped
Done reading GAM file /tmp/xCibqKC
Found 38 reads.
Removing PCR duplicates ...
PCR duplicates removed.
Computing haplogroup likelihoods from 38 reads.


#sample	predicted haplogroup	reads
stdin	H72	38
╦ ╦┌─┐┌─┐┬  ┌─┐╔═╗┌─┐┬─┐┌┬┐
╠═╣├─┤├─┘│  │ │║  ├─┤├┬┘ │
╩ ╩┴ ┴┴  ┴─┘└─┘╚═╝┴ ┴┴└─ ┴


Predicting sample: stdin
Using 35 threads
Processing sample 1 of 1
Mapping reads...
Reading GAM file 3i3952p
Reads mapped
Done reading GAM file /tmp/3i3952p
Found 38 reads.
Removing PCR duplicates ...
PCR duplicates removed.
Computing haplogroup likelihoods from 38 reads.


#sample	predicted haplogroup	reads
stdin	H72	38
