╦ ╦┌─┐┌─┐┬  ┌─┐╔═╗┌─┐┬─┐┌┬┐
╠═╣├─┤├─┘│  │ │║  ├─┤├┬┘ │
╩ ╩┴ ┴┴  ┴─┘└─┘╚═╝┴ ┴┴└─ ┴


Predicting sample: stdin
Using 35 threads
Processing sample 1 of 1
Mapping reads...
Reading GAM file CEAtgQ3
Reads mapped
Done reading GAM file /tmp/CEAtgQ3
Found 34 reads.
Removing PCR duplicates ...
PCR duplicates removed.
Computing haplogroup likelihoods from 34 reads.


#sample	predicted haplogroup	reads
stdin	H1	34
╦ ╦┌─┐┌─┐┬  ┌─┐╔═╗┌─┐┬─┐┌┬┐
╠═╣├─┤├─┘│  │ │║  ├─┤├┬┘ │
╩ ╩┴ ┴┴  ┴─┘└─┘╚═╝┴ ┴┴└─ ┴


Predicting sample: stdin
Using 35 threads
Processing sample 1 of 1
Mapping reads...
Reading GAM file VecE4fQ
Reads mapped
Done reading GAM file /tmp/VecE4fQ
Found 34 reads.
Removing PCR duplicates ...
PCR duplicates removed.
Computing haplogroup likelihoods from 34 reads.


#sample	predicted haplogroup	reads
stdin	H1	34
