╦ ╦┌─┐┌─┐┬  ┌─┐╔═╗┌─┐┬─┐┌┬┐
╠═╣├─┤├─┘│  │ │║  ├─┤├┬┘ │
╩ ╩┴ ┴┴  ┴─┘└─┘╚═╝┴ ┴┴└─ ┴


Predicting sample: stdin
Using 35 threads
Processing sample 1 of 1
Mapping reads...
Reading GAM file 0DtRjvS
Reads mapped
Done reading GAM file /tmp/0DtRjvS
Found 38 reads.
Removing PCR duplicates ...
PCR duplicates removed.
Computing haplogroup likelihoods from 38 reads.


#sample	predicted haplogroup	reads
stdin	H2a1f1	38
╦ ╦┌─┐┌─┐┬  ┌─┐╔═╗┌─┐┬─┐┌┬┐
╠═╣├─┤├─┘│  │ │║  ├─┤├┬┘ │
╩ ╩┴ ┴┴  ┴─┘└─┘╚═╝┴ ┴┴└─ ┴


Predicting sample: stdin
Using 35 threads
Processing sample 1 of 1
Mapping reads...
Reading GAM file LWzA7Jr
Reads mapped
Done reading GAM file /tmp/LWzA7Jr
Found 38 reads.
Removing PCR duplicates ...
PCR duplicates removed.
Computing haplogroup likelihoods from 38 reads.


#sample	predicted haplogroup	reads
stdin	H2a1f1	38
