╦ ╦┌─┐┌─┐┬  ┌─┐╔═╗┌─┐┬─┐┌┬┐
╠═╣├─┤├─┘│  │ │║  ├─┤├┬┘ │
╩ ╩┴ ┴┴  ┴─┘└─┘╚═╝┴ ┴┴└─ ┴


Predicting sample: stdin
Using 35 threads
Processing sample 1 of 1
Mapping reads...
Reading GAM file lpwTGZU
Reads mapped
Done reading GAM file /tmp/lpwTGZU
Found 36 reads.
Removing PCR duplicates ...
PCR duplicates removed.
Computing haplogroup likelihoods from 36 reads.


#sample	predicted haplogroup	reads
stdin	H1c7	36
╦ ╦┌─┐┌─┐┬  ┌─┐╔═╗┌─┐┬─┐┌┬┐
╠═╣├─┤├─┘│  │ │║  ├─┤├┬┘ │
╩ ╩┴ ┴┴  ┴─┘└─┘╚═╝┴ ┴┴└─ ┴


Predicting sample: stdin
Using 35 threads
Processing sample 1 of 1
Mapping reads...
Reading GAM file Xl5Qd6R
Reads mapped
Done reading GAM file /tmp/Xl5Qd6R
Found 36 reads.
Removing PCR duplicates ...
PCR duplicates removed.
Computing haplogroup likelihoods from 36 reads.


#sample	predicted haplogroup	reads
stdin	H1c7	36
